2019-09-20 17:12:33,068 INFO notifyConnectTimeout:200

2019-09-20 17:12:33,068 INFO notifySocketTimeout:8000

2019-09-20 17:12:33,068 INFO isHealthCheck:true

2019-09-20 17:12:33,068 INFO maxHealthCheckFailCount:12

2019-09-20 17:12:33,068 INFO maxContent:10485760

2019-09-20 17:12:33,069 INFO spring.datasource.platform:mysql

2019-09-20 17:12:34,098 INFO ServerListService address-server port:8848

2019-09-20 17:12:34,098 INFO ADDRESS_SERVER_URL:http://jmenv.tbsite.net:8080/nacos/serverlist

2019-09-20 17:12:34,098 WARN [serverlist] updated to [172.28.5.12]

2019-09-20 17:12:34,264 WARN DumpService start

2019-09-20 17:12:34,270 INFO start clear all config-info.

2019-09-20 17:12:34,286 WARN clear all config-info failed.

2019-09-20 17:12:34,328 INFO clear all config-info-tenant success.

2019-09-20 17:12:34,389 INFO [all-dump] 22 / 22

2019-09-20 17:12:34,389 INFO start clear all config-info-beta.

2019-09-20 17:12:34,389 WARN clear all config-info-beta failed.

2019-09-20 17:12:34,389 WARN clear all config-info-beta-tenant failed.

2019-09-20 17:12:34,411 INFO start clear all config-info-tag.

2019-09-20 17:12:34,411 WARN clear all config-info-tag failed.

2019-09-20 17:12:34,411 WARN clear all config-info-tag-tenant failed.

