2019-09-23 00:02:35,904 WARN clearConfigHistory start

2019-09-23 00:02:36,399 INFO [capacityManagement] start correct usage

2019-09-23 00:02:36,404 INFO [capacityManagement] end correct usage, cost: 0s

2019-09-23 00:12:35,908 WARN clearConfigHistory start

2019-09-23 00:12:36,404 INFO [capacityManagement] start correct usage

2019-09-23 00:12:36,411 INFO [capacityManagement] end correct usage, cost: 0s

2019-09-23 00:22:35,911 WARN clearConfigHistory start

2019-09-23 00:22:36,412 INFO [capacityManagement] start correct usage

2019-09-23 00:22:36,418 INFO [capacityManagement] end correct usage, cost: 0s

2019-09-23 00:32:35,914 WARN clearConfigHistory start

2019-09-23 00:32:36,418 INFO [capacityManagement] start correct usage

2019-09-23 00:32:36,425 INFO [capacityManagement] end correct usage, cost: 0s

2019-09-23 00:42:35,917 WARN clearConfigHistory start

2019-09-23 00:42:36,425 INFO [capacityManagement] start correct usage

2019-09-23 00:42:36,429 INFO [capacityManagement] end correct usage, cost: 0s

2019-09-23 00:52:35,921 WARN clearConfigHistory start

2019-09-23 00:52:36,429 INFO [capacityManagement] start correct usage

2019-09-23 00:52:36,436 INFO [capacityManagement] end correct usage, cost: 0s

2019-09-23 01:02:35,924 WARN clearConfigHistory start

2019-09-23 01:02:36,436 INFO [capacityManagement] start correct usage

2019-09-23 01:02:36,443 INFO [capacityManagement] end correct usage, cost: 0s

2019-09-23 01:12:35,930 WARN clearConfigHistory start

2019-09-23 01:12:36,443 INFO [capacityManagement] start correct usage

2019-09-23 01:12:36,447 INFO [capacityManagement] end correct usage, cost: 0s

2019-09-23 01:22:35,933 WARN clearConfigHistory start

2019-09-23 01:22:36,448 INFO [capacityManagement] start correct usage

2019-09-23 01:22:36,453 INFO [capacityManagement] end correct usage, cost: 0s

2019-09-23 01:32:35,937 WARN clearConfigHistory start

2019-09-23 01:32:36,454 INFO [capacityManagement] start correct usage

2019-09-23 01:32:36,459 INFO [capacityManagement] end correct usage, cost: 0s

2019-09-23 01:42:35,941 WARN clearConfigHistory start

2019-09-23 01:42:36,459 INFO [capacityManagement] start correct usage

2019-09-23 01:42:36,465 INFO [capacityManagement] end correct usage, cost: 0s

2019-09-23 01:52:35,944 WARN clearConfigHistory start

2019-09-23 01:52:36,466 INFO [capacityManagement] start correct usage

2019-09-23 01:52:36,472 INFO [capacityManagement] end correct usage, cost: 0s

2019-09-23 02:02:35,949 WARN clearConfigHistory start

2019-09-23 02:02:36,473 INFO [capacityManagement] start correct usage

2019-09-23 02:02:36,479 INFO [capacityManagement] end correct usage, cost: 0s

2019-09-23 02:12:35,952 WARN clearConfigHistory start

2019-09-23 02:12:36,479 INFO [capacityManagement] start correct usage

2019-09-23 02:12:36,487 INFO [capacityManagement] end correct usage, cost: 0s

2019-09-23 02:22:35,955 WARN clearConfigHistory start

2019-09-23 02:22:36,487 INFO [capacityManagement] start correct usage

2019-09-23 02:22:36,493 INFO [capacityManagement] end correct usage, cost: 0s

2019-09-23 02:32:35,958 WARN clearConfigHistory start

2019-09-23 02:32:36,493 INFO [capacityManagement] start correct usage

2019-09-23 02:32:36,499 INFO [capacityManagement] end correct usage, cost: 0s

2019-09-23 02:42:35,961 WARN clearConfigHistory start

2019-09-23 02:42:36,499 INFO [capacityManagement] start correct usage

2019-09-23 02:42:36,516 INFO [capacityManagement] end correct usage, cost: 0s

2019-09-23 02:52:35,964 WARN clearConfigHistory start

2019-09-23 02:52:36,516 INFO [capacityManagement] start correct usage

2019-09-23 02:52:36,525 INFO [capacityManagement] end correct usage, cost: 0s

2019-09-23 03:02:35,970 WARN clearConfigHistory start

2019-09-23 03:02:36,525 INFO [capacityManagement] start correct usage

2019-09-23 03:02:36,530 INFO [capacityManagement] end correct usage, cost: 0s

2019-09-23 03:12:35,974 WARN clearConfigHistory start

2019-09-23 03:12:36,530 INFO [capacityManagement] start correct usage

2019-09-23 03:12:36,535 INFO [capacityManagement] end correct usage, cost: 0s

2019-09-23 03:22:35,977 WARN clearConfigHistory start

2019-09-23 03:22:36,535 INFO [capacityManagement] start correct usage

2019-09-23 03:22:36,541 INFO [capacityManagement] end correct usage, cost: 0s

2019-09-23 03:32:35,980 WARN clearConfigHistory start

2019-09-23 03:32:36,541 INFO [capacityManagement] start correct usage

2019-09-23 03:32:36,546 INFO [capacityManagement] end correct usage, cost: 0s

2019-09-23 03:42:35,983 WARN clearConfigHistory start

2019-09-23 03:42:36,547 INFO [capacityManagement] start correct usage

2019-09-23 03:42:36,552 INFO [capacityManagement] end correct usage, cost: 0s

2019-09-23 03:52:35,987 WARN clearConfigHistory start

2019-09-23 03:52:36,552 INFO [capacityManagement] start correct usage

2019-09-23 03:52:36,558 INFO [capacityManagement] end correct usage, cost: 0s

2019-09-23 04:02:35,992 WARN clearConfigHistory start

2019-09-23 04:02:36,558 INFO [capacityManagement] start correct usage

2019-09-23 04:02:36,562 INFO [capacityManagement] end correct usage, cost: 0s

2019-09-23 04:12:35,995 WARN clearConfigHistory start

2019-09-23 04:12:36,562 INFO [capacityManagement] start correct usage

2019-09-23 04:12:36,570 INFO [capacityManagement] end correct usage, cost: 0s

2019-09-23 04:22:35,999 WARN clearConfigHistory start

2019-09-23 04:22:36,570 INFO [capacityManagement] start correct usage

2019-09-23 04:22:36,577 INFO [capacityManagement] end correct usage, cost: 0s

2019-09-23 04:32:36,002 WARN clearConfigHistory start

2019-09-23 04:32:36,578 INFO [capacityManagement] start correct usage

2019-09-23 04:32:36,584 INFO [capacityManagement] end correct usage, cost: 0s

2019-09-23 04:42:36,004 WARN clearConfigHistory start

2019-09-23 04:42:36,585 INFO [capacityManagement] start correct usage

2019-09-23 04:42:36,590 INFO [capacityManagement] end correct usage, cost: 0s

2019-09-23 04:52:36,007 WARN clearConfigHistory start

2019-09-23 04:52:36,590 INFO [capacityManagement] start correct usage

2019-09-23 04:52:36,596 INFO [capacityManagement] end correct usage, cost: 0s

2019-09-23 05:02:36,011 WARN clearConfigHistory start

2019-09-23 05:02:36,596 INFO [capacityManagement] start correct usage

2019-09-23 05:02:36,603 INFO [capacityManagement] end correct usage, cost: 0s

2019-09-23 05:12:36,015 WARN clearConfigHistory start

2019-09-23 05:12:36,604 INFO [capacityManagement] start correct usage

2019-09-23 05:12:36,609 INFO [capacityManagement] end correct usage, cost: 0s

2019-09-23 05:22:36,018 WARN clearConfigHistory start

2019-09-23 05:22:36,609 INFO [capacityManagement] start correct usage

2019-09-23 05:22:36,614 INFO [capacityManagement] end correct usage, cost: 0s

2019-09-23 05:32:36,021 WARN clearConfigHistory start

2019-09-23 05:32:36,614 INFO [capacityManagement] start correct usage

2019-09-23 05:32:36,619 INFO [capacityManagement] end correct usage, cost: 0s

2019-09-23 05:42:36,024 WARN clearConfigHistory start

2019-09-23 05:42:36,619 INFO [capacityManagement] start correct usage

2019-09-23 05:42:36,625 INFO [capacityManagement] end correct usage, cost: 0s

2019-09-23 05:52:36,029 WARN clearConfigHistory start

2019-09-23 05:52:36,625 INFO [capacityManagement] start correct usage

2019-09-23 05:52:36,630 INFO [capacityManagement] end correct usage, cost: 0s

2019-09-23 06:02:36,032 WARN clearConfigHistory start

2019-09-23 06:02:36,631 INFO [capacityManagement] start correct usage

2019-09-23 06:02:36,638 INFO [capacityManagement] end correct usage, cost: 0s

2019-09-23 06:12:36,035 WARN clearConfigHistory start

2019-09-23 06:12:36,638 INFO [capacityManagement] start correct usage

2019-09-23 06:12:36,645 INFO [capacityManagement] end correct usage, cost: 0s

2019-09-23 06:22:36,039 WARN clearConfigHistory start

2019-09-23 06:22:36,645 INFO [capacityManagement] start correct usage

2019-09-23 06:22:36,650 INFO [capacityManagement] end correct usage, cost: 0s

2019-09-23 06:32:36,042 WARN clearConfigHistory start

2019-09-23 06:32:36,650 INFO [capacityManagement] start correct usage

2019-09-23 06:32:36,657 INFO [capacityManagement] end correct usage, cost: 0s

2019-09-23 06:42:36,046 WARN clearConfigHistory start

2019-09-23 06:42:36,657 INFO [capacityManagement] start correct usage

2019-09-23 06:42:36,664 INFO [capacityManagement] end correct usage, cost: 0s

2019-09-23 06:52:36,049 WARN clearConfigHistory start

2019-09-23 06:52:36,664 INFO [capacityManagement] start correct usage

2019-09-23 06:52:36,670 INFO [capacityManagement] end correct usage, cost: 0s

2019-09-23 07:02:36,053 WARN clearConfigHistory start

2019-09-23 07:02:36,670 INFO [capacityManagement] start correct usage

2019-09-23 07:02:36,678 INFO [capacityManagement] end correct usage, cost: 0s

2019-09-23 07:12:36,056 WARN clearConfigHistory start

2019-09-23 07:12:36,678 INFO [capacityManagement] start correct usage

2019-09-23 07:12:36,684 INFO [capacityManagement] end correct usage, cost: 0s

2019-09-23 07:22:36,060 WARN clearConfigHistory start

2019-09-23 07:22:36,684 INFO [capacityManagement] start correct usage

2019-09-23 07:22:36,690 INFO [capacityManagement] end correct usage, cost: 0s

2019-09-23 07:32:36,062 WARN clearConfigHistory start

2019-09-23 07:32:36,690 INFO [capacityManagement] start correct usage

2019-09-23 07:32:36,696 INFO [capacityManagement] end correct usage, cost: 0s

2019-09-23 07:42:36,066 WARN clearConfigHistory start

2019-09-23 07:42:36,696 INFO [capacityManagement] start correct usage

2019-09-23 07:42:36,702 INFO [capacityManagement] end correct usage, cost: 0s

2019-09-23 07:52:36,071 WARN clearConfigHistory start

2019-09-23 07:52:36,702 INFO [capacityManagement] start correct usage

2019-09-23 07:52:36,707 INFO [capacityManagement] end correct usage, cost: 0s

2019-09-23 08:02:36,075 WARN clearConfigHistory start

2019-09-23 08:02:36,707 INFO [capacityManagement] start correct usage

2019-09-23 08:02:36,717 INFO [capacityManagement] end correct usage, cost: 0s

2019-09-23 08:12:36,078 WARN clearConfigHistory start

2019-09-23 08:12:36,717 INFO [capacityManagement] start correct usage

2019-09-23 08:12:36,724 INFO [capacityManagement] end correct usage, cost: 0s

2019-09-23 08:22:36,081 WARN clearConfigHistory start

2019-09-23 08:22:36,724 INFO [capacityManagement] start correct usage

2019-09-23 08:22:36,730 INFO [capacityManagement] end correct usage, cost: 0s

2019-09-23 08:32:36,085 WARN clearConfigHistory start

2019-09-23 08:32:36,731 INFO [capacityManagement] start correct usage

2019-09-23 08:32:36,738 INFO [capacityManagement] end correct usage, cost: 0s

2019-09-23 08:42:36,089 WARN clearConfigHistory start

2019-09-23 08:42:36,738 INFO [capacityManagement] start correct usage

2019-09-23 08:42:36,744 INFO [capacityManagement] end correct usage, cost: 0s

2019-09-23 08:52:36,093 WARN clearConfigHistory start

2019-09-23 08:52:36,744 INFO [capacityManagement] start correct usage

2019-09-23 08:52:36,751 INFO [capacityManagement] end correct usage, cost: 0s

2019-09-23 09:02:36,096 WARN clearConfigHistory start

2019-09-23 09:02:36,751 INFO [capacityManagement] start correct usage

2019-09-23 09:02:36,757 INFO [capacityManagement] end correct usage, cost: 0s

2019-09-23 09:12:36,099 WARN clearConfigHistory start

2019-09-23 09:12:36,757 INFO [capacityManagement] start correct usage

2019-09-23 09:12:36,764 INFO [capacityManagement] end correct usage, cost: 0s

2019-09-23 09:22:36,103 WARN clearConfigHistory start

2019-09-23 09:22:36,764 INFO [capacityManagement] start correct usage

2019-09-23 09:22:36,771 INFO [capacityManagement] end correct usage, cost: 0s

2019-09-23 09:32:36,107 WARN clearConfigHistory start

2019-09-23 09:32:36,771 INFO [capacityManagement] start correct usage

2019-09-23 09:32:36,775 INFO [capacityManagement] end correct usage, cost: 0s

2019-09-23 09:42:36,112 WARN clearConfigHistory start

2019-09-23 09:42:36,775 INFO [capacityManagement] start correct usage

2019-09-23 09:42:36,782 INFO [capacityManagement] end correct usage, cost: 0s

2019-09-23 09:50:52,861 INFO Shutting down ExecutorService 'taskScheduler'

2019-09-23 09:50:53,000 INFO Shutting down ExecutorService 'applicationTaskExecutor'

