2019-09-23 00:03:04,660 INFO PERFORMANCE:|2|0|-1|-1

2019-09-23 00:08:04,661 INFO PERFORMANCE:|2|0|-1|-1

2019-09-23 00:13:04,661 INFO PERFORMANCE:|2|0|-1|-1

2019-09-23 00:18:04,661 INFO PERFORMANCE:|2|0|-1|-1

2019-09-23 00:23:04,662 INFO PERFORMANCE:|2|0|-1|-1

2019-09-23 00:28:04,662 INFO PERFORMANCE:|2|0|-1|-1

2019-09-23 00:33:04,662 INFO PERFORMANCE:|2|0|-1|-1

2019-09-23 00:38:04,662 INFO PERFORMANCE:|2|0|-1|-1

2019-09-23 00:43:04,663 INFO PERFORMANCE:|2|0|-1|-1

2019-09-23 00:48:04,663 INFO PERFORMANCE:|2|0|-1|-1

2019-09-23 00:53:04,663 INFO PERFORMANCE:|2|0|-1|-1

2019-09-23 00:58:04,663 INFO PERFORMANCE:|2|0|-1|-1

2019-09-23 01:03:04,664 INFO PERFORMANCE:|2|0|-1|-1

2019-09-23 01:08:04,664 INFO PERFORMANCE:|2|0|-1|-1

2019-09-23 01:13:04,664 INFO PERFORMANCE:|2|0|-1|-1

2019-09-23 01:18:04,664 INFO PERFORMANCE:|2|0|-1|-1

2019-09-23 01:23:04,665 INFO PERFORMANCE:|2|0|-1|-1

2019-09-23 01:28:04,665 INFO PERFORMANCE:|2|0|-1|-1

2019-09-23 01:33:04,665 INFO PERFORMANCE:|2|0|-1|-1

2019-09-23 01:38:04,665 INFO PERFORMANCE:|2|0|-1|-1

2019-09-23 01:43:04,666 INFO PERFORMANCE:|2|0|-1|-1

2019-09-23 01:48:04,666 INFO PERFORMANCE:|2|0|-1|-1

2019-09-23 01:53:04,666 INFO PERFORMANCE:|2|0|-1|-1

2019-09-23 01:58:04,666 INFO PERFORMANCE:|2|0|-1|-1

2019-09-23 02:03:04,667 INFO PERFORMANCE:|2|0|-1|-1

2019-09-23 02:08:04,667 INFO PERFORMANCE:|2|0|-1|-1

2019-09-23 02:13:04,667 INFO PERFORMANCE:|2|0|-1|-1

2019-09-23 02:18:04,667 INFO PERFORMANCE:|2|0|-1|-1

2019-09-23 02:23:04,668 INFO PERFORMANCE:|2|0|-1|-1

2019-09-23 02:28:04,668 INFO PERFORMANCE:|2|0|-1|-1

2019-09-23 02:33:04,668 INFO PERFORMANCE:|2|0|-1|-1

2019-09-23 02:38:04,669 INFO PERFORMANCE:|2|0|-1|-1

2019-09-23 02:43:04,669 INFO PERFORMANCE:|2|0|-1|-1

2019-09-23 02:48:04,669 INFO PERFORMANCE:|2|0|-1|-1

2019-09-23 02:53:04,669 INFO PERFORMANCE:|2|0|-1|-1

2019-09-23 02:58:04,670 INFO PERFORMANCE:|2|0|-1|-1

2019-09-23 03:03:04,670 INFO PERFORMANCE:|2|0|-1|-1

2019-09-23 03:08:04,670 INFO PERFORMANCE:|2|0|-1|-1

2019-09-23 03:13:04,670 INFO PERFORMANCE:|2|0|-1|-1

2019-09-23 03:18:04,671 INFO PERFORMANCE:|2|0|-1|-1

2019-09-23 03:23:04,671 INFO PERFORMANCE:|2|0|-1|-1

2019-09-23 03:28:04,671 INFO PERFORMANCE:|2|0|-1|-1

2019-09-23 03:33:04,671 INFO PERFORMANCE:|2|0|-1|-1

2019-09-23 03:38:04,672 INFO PERFORMANCE:|2|0|-1|-1

2019-09-23 03:43:04,672 INFO PERFORMANCE:|2|0|-1|-1

2019-09-23 03:48:04,672 INFO PERFORMANCE:|2|0|-1|-1

2019-09-23 03:53:04,672 INFO PERFORMANCE:|2|0|-1|-1

2019-09-23 03:58:04,673 INFO PERFORMANCE:|2|0|-1|-1

2019-09-23 04:03:04,673 INFO PERFORMANCE:|2|0|-1|-1

2019-09-23 04:08:04,673 INFO PERFORMANCE:|2|0|-1|-1

2019-09-23 04:13:04,673 INFO PERFORMANCE:|2|0|-1|-1

2019-09-23 04:18:04,674 INFO PERFORMANCE:|2|0|-1|-1

2019-09-23 04:23:04,674 INFO PERFORMANCE:|2|0|-1|-1

2019-09-23 04:28:04,674 INFO PERFORMANCE:|2|0|-1|-1

2019-09-23 04:33:04,674 INFO PERFORMANCE:|2|0|-1|-1

2019-09-23 04:38:04,675 INFO PERFORMANCE:|2|0|-1|-1

2019-09-23 04:43:04,675 INFO PERFORMANCE:|2|0|-1|-1

2019-09-23 04:48:04,675 INFO PERFORMANCE:|2|0|-1|-1

2019-09-23 04:53:04,675 INFO PERFORMANCE:|2|0|-1|-1

2019-09-23 04:58:04,675 INFO PERFORMANCE:|2|0|-1|-1

2019-09-23 05:03:04,676 INFO PERFORMANCE:|2|0|-1|-1

2019-09-23 05:08:04,676 INFO PERFORMANCE:|2|0|-1|-1

2019-09-23 05:13:04,676 INFO PERFORMANCE:|2|0|-1|-1

2019-09-23 05:18:04,676 INFO PERFORMANCE:|2|0|-1|-1

2019-09-23 05:23:04,677 INFO PERFORMANCE:|2|0|-1|-1

2019-09-23 05:28:04,677 INFO PERFORMANCE:|2|0|-1|-1

2019-09-23 05:33:04,677 INFO PERFORMANCE:|2|0|-1|-1

2019-09-23 05:38:04,678 INFO PERFORMANCE:|2|0|-1|-1

2019-09-23 05:43:04,678 INFO PERFORMANCE:|2|0|-1|-1

2019-09-23 05:48:04,678 INFO PERFORMANCE:|2|0|-1|-1

2019-09-23 05:53:04,678 INFO PERFORMANCE:|2|0|-1|-1

2019-09-23 05:58:04,679 INFO PERFORMANCE:|2|0|-1|-1

2019-09-23 06:03:04,679 INFO PERFORMANCE:|2|0|-1|-1

2019-09-23 06:08:04,679 INFO PERFORMANCE:|2|0|-1|-1

2019-09-23 06:13:04,679 INFO PERFORMANCE:|2|0|-1|-1

2019-09-23 06:18:04,680 INFO PERFORMANCE:|2|0|-1|-1

2019-09-23 06:23:04,680 INFO PERFORMANCE:|2|0|-1|-1

2019-09-23 06:28:04,680 INFO PERFORMANCE:|2|0|-1|-1

2019-09-23 06:33:04,680 INFO PERFORMANCE:|2|0|-1|-1

2019-09-23 06:38:04,681 INFO PERFORMANCE:|2|0|-1|-1

2019-09-23 06:43:04,681 INFO PERFORMANCE:|2|0|-1|-1

2019-09-23 06:48:04,681 INFO PERFORMANCE:|2|0|-1|-1

2019-09-23 06:53:04,681 INFO PERFORMANCE:|2|0|-1|-1

2019-09-23 06:58:04,682 INFO PERFORMANCE:|2|0|-1|-1

2019-09-23 07:03:04,682 INFO PERFORMANCE:|2|0|-1|-1

2019-09-23 07:08:04,682 INFO PERFORMANCE:|2|0|-1|-1

2019-09-23 07:13:04,682 INFO PERFORMANCE:|2|0|-1|-1

2019-09-23 07:18:04,683 INFO PERFORMANCE:|2|0|-1|-1

2019-09-23 07:23:04,683 INFO PERFORMANCE:|2|0|-1|-1

2019-09-23 07:28:04,683 INFO PERFORMANCE:|2|0|-1|-1

2019-09-23 07:33:04,683 INFO PERFORMANCE:|2|0|-1|-1

2019-09-23 07:38:04,684 INFO PERFORMANCE:|2|0|-1|-1

2019-09-23 07:43:04,684 INFO PERFORMANCE:|2|0|-1|-1

2019-09-23 07:48:04,684 INFO PERFORMANCE:|2|0|-1|-1

2019-09-23 07:53:04,684 INFO PERFORMANCE:|2|0|-1|-1

2019-09-23 07:58:04,685 INFO PERFORMANCE:|2|0|-1|-1

2019-09-23 08:03:04,685 INFO PERFORMANCE:|2|0|-1|-1

2019-09-23 08:08:04,685 INFO PERFORMANCE:|2|0|-1|-1

2019-09-23 08:13:04,685 INFO PERFORMANCE:|2|0|-1|-1

2019-09-23 08:18:04,686 INFO PERFORMANCE:|2|0|-1|-1

2019-09-23 08:23:04,686 INFO PERFORMANCE:|2|0|-1|-1

2019-09-23 08:28:04,686 INFO PERFORMANCE:|2|0|-1|-1

2019-09-23 08:33:04,686 INFO PERFORMANCE:|2|0|-1|-1

2019-09-23 08:38:04,687 INFO PERFORMANCE:|2|0|-1|-1

2019-09-23 08:43:04,687 INFO PERFORMANCE:|2|0|-1|-1

2019-09-23 08:48:04,687 INFO PERFORMANCE:|2|0|-1|-1

2019-09-23 08:53:04,687 INFO PERFORMANCE:|2|0|-1|-1

2019-09-23 08:58:04,687 INFO PERFORMANCE:|2|0|-1|-1

2019-09-23 09:03:04,688 INFO PERFORMANCE:|2|0|-1|-1

2019-09-23 09:08:04,688 INFO PERFORMANCE:|2|0|-1|-1

2019-09-23 09:13:04,688 INFO PERFORMANCE:|2|0|-1|-1

2019-09-23 09:18:04,688 INFO PERFORMANCE:|2|0|-1|-1

2019-09-23 09:23:04,689 INFO PERFORMANCE:|2|0|-1|-1

2019-09-23 09:28:04,689 INFO PERFORMANCE:|2|0|-1|-1

2019-09-23 09:33:04,689 INFO PERFORMANCE:|2|0|-1|-1

2019-09-23 09:38:04,689 INFO PERFORMANCE:|2|0|-1|-1

2019-09-23 09:43:04,690 INFO PERFORMANCE:|2|0|-1|-1

2019-09-23 09:48:04,690 INFO PERFORMANCE:|2|0|-1|-1

