/opt/jdk/jdk-1.8.0_211/bin/java  -Xms512m -Xmx512m -Xmn256m -Dnacos.standalone=true -Djava.ext.dirs=/opt/jdk/jdk-1.8.0_211/jre/lib/ext:/opt/jdk/jdk-1.8.0_211/lib/ext:/home/duanchangqing90/dev/SpringCloud/cloud-base/nacos/plugins/cmdb:/home/duanchangqing90/dev/SpringCloud/cloud-base/nacos/plugins/mysql -Xloggc:/home/duanchangqing90/dev/SpringCloud/cloud-base/nacos/logs/nacos_gc.log -verbose:gc -XX:+PrintGCDetails -XX:+PrintGCDateStamps -XX:+PrintGCTimeStamps -XX:+UseGCLogFileRotation -XX:NumberOfGCLogFiles=10 -XX:GCLogFileSize=100M -Dnacos.home=/home/duanchangqing90/dev/SpringCloud/cloud-base/nacos -Dloader.path=/home/duanchangqing90/dev/SpringCloud/cloud-base/nacos/plugins/health -jar /home/duanchangqing90/dev/SpringCloud/cloud-base/nacos/target/nacos-server.jar  --spring.config.location=classpath:/,classpath:/config/,file:./,file:./config/,file:/home/duanchangqing90/dev/SpringCloud/cloud-base/nacos/conf/ --logging.config=/home/duanchangqing90/dev/SpringCloud/cloud-base/nacos/conf/nacos-logback.xml --server.max-http-header-size=524288

         ,--.
       ,--.'|
   ,--,:  : |                                           Nacos 1.1.3
,`--.'`|  ' :                       ,---.               Running in stand alone mode, All function modules
|   :  :  | |                      '   ,'\   .--.--.    Port: 10000
:   |   \ | :  ,--.--.     ,---.  /   /   | /  /    '   Pid: 29608
|   : '  '; | /       \   /     \.   ; ,. :|  :  /`./   Console: http://172.28.5.12:10000/nacos/index.html
'   ' ;.    ;.--.  .-. | /    / ''   | |: :|  :  ;_
|   | | \   | \__\/: . ..    ' / '   | .; : \  \    `.      https://nacos.io
'   : |  ; .' ," .--.; |'   ; :__|   :    |  `----.   \
|   | '`--'  /  /  ,.  |'   | '.'|\   \  /  /  /`--'  /
'   : |     ;  :   .'   \   :    : `----'  '--'.     /
;   |.'     |  ,     .-./\   \  /            `--'---'
'---'        `--`---'     `----'

2019-09-20 17:12:31,229 INFO Bean 'org.springframework.security.config.annotation.configuration.ObjectPostProcessorConfiguration' of type [org.springframework.security.config.annotation.configuration.ObjectPostProcessorConfiguration$$EnhancerBySpringCGLIB$$dd7ef3b2] is not eligible for getting processed by all BeanPostProcessors (for example: not eligible for auto-proxying)

2019-09-20 17:12:31,439 INFO Bean 'objectPostProcessor' of type [org.springframework.security.config.annotation.configuration.AutowireBeanFactoryObjectPostProcessor] is not eligible for getting processed by all BeanPostProcessors (for example: not eligible for auto-proxying)

2019-09-20 17:12:31,447 INFO Bean 'org.springframework.security.access.expression.method.DefaultMethodSecurityExpressionHandler@6e6f2380' of type [org.springframework.security.access.expression.method.DefaultMethodSecurityExpressionHandler] is not eligible for getting processed by all BeanPostProcessors (for example: not eligible for auto-proxying)

2019-09-20 17:12:31,451 INFO Bean 'org.springframework.security.config.annotation.method.configuration.GlobalMethodSecurityConfiguration' of type [org.springframework.security.config.annotation.method.configuration.GlobalMethodSecurityConfiguration$$EnhancerBySpringCGLIB$$2539664] is not eligible for getting processed by all BeanPostProcessors (for example: not eligible for auto-proxying)

2019-09-20 17:12:31,467 INFO Bean 'methodSecurityMetadataSource' of type [org.springframework.security.access.method.DelegatingMethodSecurityMetadataSource] is not eligible for getting processed by all BeanPostProcessors (for example: not eligible for auto-proxying)

2019-09-20 17:12:32,121 INFO Tomcat initialized with port(s): 10000 (http)

2019-09-20 17:12:32,248 INFO Root WebApplicationContext: initialization completed in 3075 ms

2019-09-20 17:12:34,959 INFO Initializing ExecutorService 'applicationTaskExecutor'

2019-09-20 17:12:35,146 INFO Adding welcome page: class path resource [static/index.html]

2019-09-20 17:12:35,542 INFO Creating filter chain: Ant [pattern='/'], []

2019-09-20 17:12:35,543 INFO Creating filter chain: Ant [pattern='/**/*.css'], []

2019-09-20 17:12:35,543 INFO Creating filter chain: Ant [pattern='/**/*.js'], []

2019-09-20 17:12:35,543 INFO Creating filter chain: Ant [pattern='/**/*.html'], []

2019-09-20 17:12:35,543 INFO Creating filter chain: Ant [pattern='/**/*.map'], []

2019-09-20 17:12:35,543 INFO Creating filter chain: Ant [pattern='/**/*.svg'], []

2019-09-20 17:12:35,543 INFO Creating filter chain: Ant [pattern='/**/*.png'], []

2019-09-20 17:12:35,543 INFO Creating filter chain: Ant [pattern='/**/*.ico'], []

2019-09-20 17:12:35,543 INFO Creating filter chain: Ant [pattern='/console-fe/public/**'], []

2019-09-20 17:12:35,543 INFO Creating filter chain: Ant [pattern='/v1/auth/login'], []

2019-09-20 17:12:35,543 INFO Creating filter chain: Ant [pattern='/v1/console/health/**'], []

2019-09-20 17:12:35,543 INFO Creating filter chain: Ant [pattern='/v1/cs/**'], []

2019-09-20 17:12:35,543 INFO Creating filter chain: Ant [pattern='/v1/ns/**'], []

2019-09-20 17:12:35,543 INFO Creating filter chain: Ant [pattern='/v1/cmdb/**'], []

2019-09-20 17:12:35,543 INFO Creating filter chain: Ant [pattern='/actuator/**'], []

2019-09-20 17:12:35,544 INFO Creating filter chain: Ant [pattern='/v1/console/server/**'], []

2019-09-20 17:12:35,575 INFO Creating filter chain: any request, [org.springframework.security.web.context.request.async.WebAsyncManagerIntegrationFilter@2320fa6f, org.springframework.security.web.context.SecurityContextPersistenceFilter@34f7234e, org.springframework.security.web.header.HeaderWriterFilter@4b2a01d4, org.springframework.security.web.authentication.logout.LogoutFilter@1d2bd371, com.alibaba.nacos.console.filter.JwtAuthenticationTokenFilter@7a560583, org.springframework.security.web.savedrequest.RequestCacheAwareFilter@23bff419, org.springframework.security.web.servletapi.SecurityContextHolderAwareRequestFilter@101639ae, org.springframework.security.web.authentication.AnonymousAuthenticationFilter@4d722ac9, org.springframework.security.web.session.SessionManagementFilter@78f5c518, org.springframework.security.web.access.ExceptionTranslationFilter@49872d67, org.springframework.security.web.access.intercept.FilterSecurityInterceptor@424ebba3]

2019-09-20 17:12:35,603 INFO Exposing 2 endpoint(s) beneath base path '/actuator'

2019-09-20 17:12:35,630 INFO Initializing ExecutorService 'taskScheduler'

2019-09-20 17:12:35,770 INFO Tomcat started on port(s): 10000 (http) with context path '/nacos'

2019-09-20 17:12:35,778 INFO Nacos Log files: /home/duanchangqing90/dev/SpringCloud/cloud-base/nacos/logs/

2019-09-20 17:12:35,778 INFO Nacos Conf files: /home/duanchangqing90/dev/SpringCloud/cloud-base/nacos/conf/

2019-09-20 17:12:35,778 INFO Nacos Data files: /home/duanchangqing90/dev/SpringCloud/cloud-base/nacos/data/

2019-09-20 17:12:35,779 INFO Nacos started successfully in stand alone mode.

2019-09-20 17:12:39,261 INFO Initializing Servlet 'dispatcherServlet'

2019-09-20 17:12:39,269 INFO Completed initialization in 8 ms

2019-09-23 09:50:52,861 INFO Shutting down ExecutorService 'taskScheduler'

2019-09-23 09:50:53,000 INFO Shutting down ExecutorService 'applicationTaskExecutor'

